2017-08-14 09:41:06 [::1][-][-][error][yii\web\HttpException:404] exception 'yii\base\InvalidRouteException' with message 'Unable to resolve the request "".' in C:\Users\apc_sysadd_mi151_02\Application\bytalosig\vendor\yiisoft\yii2\base\Module.php:462
Stack trace:
#0 C:\Users\apc_sysadd_mi151_02\Application\bytalosig\vendor\yiisoft\yii2\web\Application.php(100): yii\base\Module->runAction('', Array)
#1 C:\Users\apc_sysadd_mi151_02\Application\bytalosig\vendor\yiisoft\yii2\base\Application.php(375): yii\web\Application->handleRequest(Object(yii\web\Request))
#2 C:\Users\apc_sysadd_mi151_02\Application\bytalosig\web\index.php(12): yii\base\Application->run()
#3 {main}

Next exception 'yii\web\NotFoundHttpException' with message 'Page not found.' in C:\Users\apc_sysadd_mi151_02\Application\bytalosig\vendor\yiisoft\yii2\web\Application.php:112
Stack trace:
#0 C:\Users\apc_sysadd_mi151_02\Application\bytalosig\vendor\yiisoft\yii2\base\Application.php(375): yii\web\Application->handleRequest(Object(yii\web\Request))
#1 C:\Users\apc_sysadd_mi151_02\Application\bytalosig\web\index.php(12): yii\base\Application->run()
#2 {main}
2017-08-14 09:41:05 [::1][-][-][info][application] $_SERVER = [
    'MIBDIRS' => 'C:/xampp/php/extras/mibs'
    'MYSQL_HOME' => '\\xampp\\mysql\\bin'
    'OPENSSL_CONF' => 'C:/xampp/apache/bin/openssl.cnf'
    'PHP_PEAR_SYSCONF_DIR' => '\\xampp\\php'
    'PHPRC' => '\\xampp\\php'
    'TMP' => '\\xampp\\tmp'
    'HTTP_HOST' => 'localhost'
    'HTTP_CONNECTION' => 'keep-alive'
    'HTTP_UPGRADE_INSECURE_REQUESTS' => '1'
    'HTTP_USER_AGENT' => 'Mozilla/5.0 (Windows NT 6.3) AppleWebKit/537.36 (KHTML, like Gecko) Chrome/60.0.3112.90 Safari/537.36'
    'HTTP_ACCEPT' => 'text/html,application/xhtml+xml,application/xml;q=0.9,image/webp,image/apng,*/*;q=0.8'
    'HTTP_ACCEPT_ENCODING' => 'gzip, deflate, br'
    'HTTP_ACCEPT_LANGUAGE' => 'en-US,en;q=0.8'
    'PATH' => 'C:\\Program Files\\Intel\\TXE Components\\TCS\\;C:\\Windows\\system32;C:\\Windows;C:\\Windows\\System32\\Wbem;C:\\Windows\\System32\\WindowsPowerShell\\v1.0\\;C:\\Program Files\\Hewlett-Packard\\SimplePass;C:\\Program Files\\Intel\\TXE Components\\DAL\\;C:\\Program Files\\Intel\\TXE Components\\IPT\\;C:\\Program Files\\TortoiseGit\\bin;C:\\Program Files\\Git\\cmd'
    'SystemRoot' => 'C:\\Windows'
    'COMSPEC' => 'C:\\Windows\\system32\\cmd.exe'
    'PATHEXT' => '.COM;.EXE;.BAT;.CMD;.VBS;.VBE;.JS;.JSE;.WSF;.WSH;.MSC'
    'WINDIR' => 'C:\\Windows'
    'SERVER_SIGNATURE' => '<address>Apache/2.4.26 (Win32) OpenSSL/1.0.2l PHP/5.6.31 Server at localhost Port 80</address>
'
    'SERVER_SOFTWARE' => 'Apache/2.4.26 (Win32) OpenSSL/1.0.2l PHP/5.6.31'
    'SERVER_NAME' => 'localhost'
    'SERVER_ADDR' => '::1'
    'SERVER_PORT' => '80'
    'REMOTE_ADDR' => '::1'
    'DOCUMENT_ROOT' => 'C:/xampp/htdocs'
    'REQUEST_SCHEME' => 'http'
    'CONTEXT_PREFIX' => ''
    'CONTEXT_DOCUMENT_ROOT' => 'C:/xampp/htdocs'
    'SERVER_ADMIN' => 'postmaster@localhost'
    'SCRIPT_FILENAME' => 'C:/xampp/htdocs/tickets/web/index.php'
    'REMOTE_PORT' => '55737'
    'GATEWAY_INTERFACE' => 'CGI/1.1'
    'SERVER_PROTOCOL' => 'HTTP/1.1'
    'REQUEST_METHOD' => 'GET'
    'QUERY_STRING' => ''
    'REQUEST_URI' => '/tickets/web/index.php'
    'SCRIPT_NAME' => '/tickets/web/index.php'
    'PHP_SELF' => '/tickets/web/index.php'
    'REQUEST_TIME_FLOAT' => 1502696465.267
    'REQUEST_TIME' => 1502696465
]
2017-08-14 09:41:07 [::1][-][-][warning][yii\log\Dispatcher::dispatch] Unable to send log via yii\debug\LogTarget: Exception (Invalid Configuration) 'yii\base\InvalidConfigException' with message 'The directory does not exist: C:/xampp/htdocs/tickets/web/assets' 

in C:\Users\apc_sysadd_mi151_02\Application\bytalosig\vendor\yiisoft\yii2\web\AssetManager.php:211

Stack trace:
#0 C:\Users\apc_sysadd_mi151_02\Application\bytalosig\vendor\yiisoft\yii2\base\Object.php(107): yii\web\AssetManager->init()
#1 [internal function]: yii\base\Object->__construct(Array)
#2 C:\Users\apc_sysadd_mi151_02\Application\bytalosig\vendor\yiisoft\yii2\di\Container.php(373): ReflectionClass->newInstanceArgs(Array)
#3 C:\Users\apc_sysadd_mi151_02\Application\bytalosig\vendor\yiisoft\yii2\di\Container.php(154): yii\di\Container->build('yii\\web\\AssetMa...', Array, Array)
#4 C:\Users\apc_sysadd_mi151_02\Application\bytalosig\vendor\yiisoft\yii2\BaseYii.php(344): yii\di\Container->get('yii\\web\\AssetMa...', Array, Array)
#5 C:\Users\apc_sysadd_mi151_02\Application\bytalosig\vendor\yiisoft\yii2\di\ServiceLocator.php(133): yii\BaseYii::createObject(Array)
#6 C:\Users\apc_sysadd_mi151_02\Application\bytalosig\vendor\yiisoft\yii2\base\Application.php(600): yii\di\ServiceLocator->get('assetManager')
#7 C:\Users\apc_sysadd_mi151_02\Application\bytalosig\vendor\yiisoft\yii2\web\View.php(223): yii\base\Application->getAssetManager()
#8 C:\Users\apc_sysadd_mi151_02\Application\bytalosig\vendor\yiisoft\yii2\base\Component.php(130): yii\web\View->getAssetManager()
#9 C:\Users\apc_sysadd_mi151_02\Application\bytalosig\vendor\yiisoft\yii2-debug\panels\AssetPanel.php(53): yii\base\Component->__get('assetManager')
#10 C:\Users\apc_sysadd_mi151_02\Application\bytalosig\vendor\yiisoft\yii2-debug\LogTarget.php(54): yii\debug\panels\AssetPanel->save()
#11 C:\Users\apc_sysadd_mi151_02\Application\bytalosig\vendor\yiisoft\yii2-debug\LogTarget.php(118): yii\debug\LogTarget->export()
#12 C:\Users\apc_sysadd_mi151_02\Application\bytalosig\vendor\yiisoft\yii2\log\Dispatcher.php(188): yii\debug\LogTarget->collect(Array, true)
#13 C:\Users\apc_sysadd_mi151_02\Application\bytalosig\vendor\yiisoft\yii2\log\Logger.php(173): yii\log\Dispatcher->dispatch(Array, true)
#14 [internal function]: yii\log\Logger->flush(true)
#15 {main}
2017-08-14 09:41:05 [::1][-][-][info][application] $_SERVER = [
    'MIBDIRS' => 'C:/xampp/php/extras/mibs'
    'MYSQL_HOME' => '\\xampp\\mysql\\bin'
    'OPENSSL_CONF' => 'C:/xampp/apache/bin/openssl.cnf'
    'PHP_PEAR_SYSCONF_DIR' => '\\xampp\\php'
    'PHPRC' => '\\xampp\\php'
    'TMP' => '\\xampp\\tmp'
    'HTTP_HOST' => 'localhost'
    'HTTP_CONNECTION' => 'keep-alive'
    'HTTP_UPGRADE_INSECURE_REQUESTS' => '1'
    'HTTP_USER_AGENT' => 'Mozilla/5.0 (Windows NT 6.3) AppleWebKit/537.36 (KHTML, like Gecko) Chrome/60.0.3112.90 Safari/537.36'
    'HTTP_ACCEPT' => 'text/html,application/xhtml+xml,application/xml;q=0.9,image/webp,image/apng,*/*;q=0.8'
    'HTTP_ACCEPT_ENCODING' => 'gzip, deflate, br'
    'HTTP_ACCEPT_LANGUAGE' => 'en-US,en;q=0.8'
    'PATH' => 'C:\\Program Files\\Intel\\TXE Components\\TCS\\;C:\\Windows\\system32;C:\\Windows;C:\\Windows\\System32\\Wbem;C:\\Windows\\System32\\WindowsPowerShell\\v1.0\\;C:\\Program Files\\Hewlett-Packard\\SimplePass;C:\\Program Files\\Intel\\TXE Components\\DAL\\;C:\\Program Files\\Intel\\TXE Components\\IPT\\;C:\\Program Files\\TortoiseGit\\bin;C:\\Program Files\\Git\\cmd'
    'SystemRoot' => 'C:\\Windows'
    'COMSPEC' => 'C:\\Windows\\system32\\cmd.exe'
    'PATHEXT' => '.COM;.EXE;.BAT;.CMD;.VBS;.VBE;.JS;.JSE;.WSF;.WSH;.MSC'
    'WINDIR' => 'C:\\Windows'
    'SERVER_SIGNATURE' => '<address>Apache/2.4.26 (Win32) OpenSSL/1.0.2l PHP/5.6.31 Server at localhost Port 80</address>
'
    'SERVER_SOFTWARE' => 'Apache/2.4.26 (Win32) OpenSSL/1.0.2l PHP/5.6.31'
    'SERVER_NAME' => 'localhost'
    'SERVER_ADDR' => '::1'
    'SERVER_PORT' => '80'
    'REMOTE_ADDR' => '::1'
    'DOCUMENT_ROOT' => 'C:/xampp/htdocs'
    'REQUEST_SCHEME' => 'http'
    'CONTEXT_PREFIX' => ''
    'CONTEXT_DOCUMENT_ROOT' => 'C:/xampp/htdocs'
    'SERVER_ADMIN' => 'postmaster@localhost'
    'SCRIPT_FILENAME' => 'C:/xampp/htdocs/tickets/web/index.php'
    'REMOTE_PORT' => '55737'
    'GATEWAY_INTERFACE' => 'CGI/1.1'
    'SERVER_PROTOCOL' => 'HTTP/1.1'
    'REQUEST_METHOD' => 'GET'
    'QUERY_STRING' => ''
    'REQUEST_URI' => '/tickets/web/index.php'
    'SCRIPT_NAME' => '/tickets/web/index.php'
    'PHP_SELF' => '/tickets/web/index.php'
    'REQUEST_TIME_FLOAT' => 1502696465.267
    'REQUEST_TIME' => 1502696465
]
2017-08-14 10:12:34 [::1][-][-][error][yii\web\HttpException:404] exception 'yii\base\InvalidRouteException' with message 'Unable to resolve the request "".' in C:\Users\apc_sysadd_mi151_02\Application\bytalosig\vendor\yiisoft\yii2\base\Module.php:462
Stack trace:
#0 C:\Users\apc_sysadd_mi151_02\Application\bytalosig\vendor\yiisoft\yii2\web\Application.php(100): yii\base\Module->runAction('', Array)
#1 C:\Users\apc_sysadd_mi151_02\Application\bytalosig\vendor\yiisoft\yii2\base\Application.php(375): yii\web\Application->handleRequest(Object(yii\web\Request))
#2 C:\Users\apc_sysadd_mi151_02\Application\bytalosig\web\index.php(12): yii\base\Application->run()
#3 {main}

Next exception 'yii\web\NotFoundHttpException' with message 'Page not found.' in C:\Users\apc_sysadd_mi151_02\Application\bytalosig\vendor\yiisoft\yii2\web\Application.php:112
Stack trace:
#0 C:\Users\apc_sysadd_mi151_02\Application\bytalosig\vendor\yiisoft\yii2\base\Application.php(375): yii\web\Application->handleRequest(Object(yii\web\Request))
#1 C:\Users\apc_sysadd_mi151_02\Application\bytalosig\web\index.php(12): yii\base\Application->run()
#2 {main}
2017-08-14 10:12:34 [::1][-][-][info][application] $_SERVER = [
    'MIBDIRS' => 'C:/xampp/php/extras/mibs'
    'MYSQL_HOME' => '\\xampp\\mysql\\bin'
    'OPENSSL_CONF' => 'C:/xampp/apache/bin/openssl.cnf'
    'PHP_PEAR_SYSCONF_DIR' => '\\xampp\\php'
    'PHPRC' => '\\xampp\\php'
    'TMP' => '\\xampp\\tmp'
    'HTTP_HOST' => 'localhost'
    'HTTP_CONNECTION' => 'keep-alive'
    'HTTP_UPGRADE_INSECURE_REQUESTS' => '1'
    'HTTP_USER_AGENT' => 'Mozilla/5.0 (Windows NT 6.3) AppleWebKit/537.36 (KHTML, like Gecko) Chrome/60.0.3112.90 Safari/537.36'
    'HTTP_ACCEPT' => 'text/html,application/xhtml+xml,application/xml;q=0.9,image/webp,image/apng,*/*;q=0.8'
    'HTTP_ACCEPT_ENCODING' => 'gzip, deflate, br'
    'HTTP_ACCEPT_LANGUAGE' => 'en-US,en;q=0.8'
    'PATH' => 'C:\\Program Files\\Intel\\TXE Components\\TCS\\;C:\\Windows\\system32;C:\\Windows;C:\\Windows\\System32\\Wbem;C:\\Windows\\System32\\WindowsPowerShell\\v1.0\\;C:\\Program Files\\Hewlett-Packard\\SimplePass;C:\\Program Files\\Intel\\TXE Components\\DAL\\;C:\\Program Files\\Intel\\TXE Components\\IPT\\;C:\\Program Files\\TortoiseGit\\bin;C:\\Program Files\\Git\\cmd'
    'SystemRoot' => 'C:\\Windows'
    'COMSPEC' => 'C:\\Windows\\system32\\cmd.exe'
    'PATHEXT' => '.COM;.EXE;.BAT;.CMD;.VBS;.VBE;.JS;.JSE;.WSF;.WSH;.MSC'
    'WINDIR' => 'C:\\Windows'
    'SERVER_SIGNATURE' => '<address>Apache/2.4.26 (Win32) OpenSSL/1.0.2l PHP/5.6.31 Server at localhost Port 80</address>
'
    'SERVER_SOFTWARE' => 'Apache/2.4.26 (Win32) OpenSSL/1.0.2l PHP/5.6.31'
    'SERVER_NAME' => 'localhost'
    'SERVER_ADDR' => '::1'
    'SERVER_PORT' => '80'
    'REMOTE_ADDR' => '::1'
    'DOCUMENT_ROOT' => 'C:/xampp/htdocs'
    'REQUEST_SCHEME' => 'http'
    'CONTEXT_PREFIX' => ''
    'CONTEXT_DOCUMENT_ROOT' => 'C:/xampp/htdocs'
    'SERVER_ADMIN' => 'postmaster@localhost'
    'SCRIPT_FILENAME' => 'C:/xampp/htdocs/tickets/web/index.php'
    'REMOTE_PORT' => '55924'
    'GATEWAY_INTERFACE' => 'CGI/1.1'
    'SERVER_PROTOCOL' => 'HTTP/1.1'
    'REQUEST_METHOD' => 'GET'
    'QUERY_STRING' => ''
    'REQUEST_URI' => '/tickets/web/index.php'
    'SCRIPT_NAME' => '/tickets/web/index.php'
    'PHP_SELF' => '/tickets/web/index.php'
    'REQUEST_TIME_FLOAT' => 1502698353.932
    'REQUEST_TIME' => 1502698353
]
2017-08-14 10:12:34 [::1][-][-][warning][yii\log\Dispatcher::dispatch] Unable to send log via yii\debug\LogTarget: Exception (Invalid Configuration) 'yii\base\InvalidConfigException' with message 'The directory does not exist: C:/xampp/htdocs/tickets/web/assets' 

in C:\Users\apc_sysadd_mi151_02\Application\bytalosig\vendor\yiisoft\yii2\web\AssetManager.php:211

Stack trace:
#0 C:\Users\apc_sysadd_mi151_02\Application\bytalosig\vendor\yiisoft\yii2\base\Object.php(107): yii\web\AssetManager->init()
#1 [internal function]: yii\base\Object->__construct(Array)
#2 C:\Users\apc_sysadd_mi151_02\Application\bytalosig\vendor\yiisoft\yii2\di\Container.php(373): ReflectionClass->newInstanceArgs(Array)
#3 C:\Users\apc_sysadd_mi151_02\Application\bytalosig\vendor\yiisoft\yii2\di\Container.php(154): yii\di\Container->build('yii\\web\\AssetMa...', Array, Array)
#4 C:\Users\apc_sysadd_mi151_02\Application\bytalosig\vendor\yiisoft\yii2\BaseYii.php(344): yii\di\Container->get('yii\\web\\AssetMa...', Array, Array)
#5 C:\Users\apc_sysadd_mi151_02\Application\bytalosig\vendor\yiisoft\yii2\di\ServiceLocator.php(133): yii\BaseYii::createObject(Array)
#6 C:\Users\apc_sysadd_mi151_02\Application\bytalosig\vendor\yiisoft\yii2\base\Application.php(600): yii\di\ServiceLocator->get('assetManager')
#7 C:\Users\apc_sysadd_mi151_02\Application\bytalosig\vendor\yiisoft\yii2\web\View.php(223): yii\base\Application->getAssetManager()
#8 C:\Users\apc_sysadd_mi151_02\Application\bytalosig\vendor\yiisoft\yii2\base\Component.php(130): yii\web\View->getAssetManager()
#9 C:\Users\apc_sysadd_mi151_02\Application\bytalosig\vendor\yiisoft\yii2-debug\panels\AssetPanel.php(53): yii\base\Component->__get('assetManager')
#10 C:\Users\apc_sysadd_mi151_02\Application\bytalosig\vendor\yiisoft\yii2-debug\LogTarget.php(54): yii\debug\panels\AssetPanel->save()
#11 C:\Users\apc_sysadd_mi151_02\Application\bytalosig\vendor\yiisoft\yii2-debug\LogTarget.php(118): yii\debug\LogTarget->export()
#12 C:\Users\apc_sysadd_mi151_02\Application\bytalosig\vendor\yiisoft\yii2\log\Dispatcher.php(188): yii\debug\LogTarget->collect(Array, true)
#13 C:\Users\apc_sysadd_mi151_02\Application\bytalosig\vendor\yiisoft\yii2\log\Logger.php(173): yii\log\Dispatcher->dispatch(Array, true)
#14 [internal function]: yii\log\Logger->flush(true)
#15 {main}
2017-08-14 10:12:34 [::1][-][-][info][application] $_SERVER = [
    'MIBDIRS' => 'C:/xampp/php/extras/mibs'
    'MYSQL_HOME' => '\\xampp\\mysql\\bin'
    'OPENSSL_CONF' => 'C:/xampp/apache/bin/openssl.cnf'
    'PHP_PEAR_SYSCONF_DIR' => '\\xampp\\php'
    'PHPRC' => '\\xampp\\php'
    'TMP' => '\\xampp\\tmp'
    'HTTP_HOST' => 'localhost'
    'HTTP_CONNECTION' => 'keep-alive'
    'HTTP_UPGRADE_INSECURE_REQUESTS' => '1'
    'HTTP_USER_AGENT' => 'Mozilla/5.0 (Windows NT 6.3) AppleWebKit/537.36 (KHTML, like Gecko) Chrome/60.0.3112.90 Safari/537.36'
    'HTTP_ACCEPT' => 'text/html,application/xhtml+xml,application/xml;q=0.9,image/webp,image/apng,*/*;q=0.8'
    'HTTP_ACCEPT_ENCODING' => 'gzip, deflate, br'
    'HTTP_ACCEPT_LANGUAGE' => 'en-US,en;q=0.8'
    'PATH' => 'C:\\Program Files\\Intel\\TXE Components\\TCS\\;C:\\Windows\\system32;C:\\Windows;C:\\Windows\\System32\\Wbem;C:\\Windows\\System32\\WindowsPowerShell\\v1.0\\;C:\\Program Files\\Hewlett-Packard\\SimplePass;C:\\Program Files\\Intel\\TXE Components\\DAL\\;C:\\Program Files\\Intel\\TXE Components\\IPT\\;C:\\Program Files\\TortoiseGit\\bin;C:\\Program Files\\Git\\cmd'
    'SystemRoot' => 'C:\\Windows'
    'COMSPEC' => 'C:\\Windows\\system32\\cmd.exe'
    'PATHEXT' => '.COM;.EXE;.BAT;.CMD;.VBS;.VBE;.JS;.JSE;.WSF;.WSH;.MSC'
    'WINDIR' => 'C:\\Windows'
    'SERVER_SIGNATURE' => '<address>Apache/2.4.26 (Win32) OpenSSL/1.0.2l PHP/5.6.31 Server at localhost Port 80</address>
'
    'SERVER_SOFTWARE' => 'Apache/2.4.26 (Win32) OpenSSL/1.0.2l PHP/5.6.31'
    'SERVER_NAME' => 'localhost'
    'SERVER_ADDR' => '::1'
    'SERVER_PORT' => '80'
    'REMOTE_ADDR' => '::1'
    'DOCUMENT_ROOT' => 'C:/xampp/htdocs'
    'REQUEST_SCHEME' => 'http'
    'CONTEXT_PREFIX' => ''
    'CONTEXT_DOCUMENT_ROOT' => 'C:/xampp/htdocs'
    'SERVER_ADMIN' => 'postmaster@localhost'
    'SCRIPT_FILENAME' => 'C:/xampp/htdocs/tickets/web/index.php'
    'REMOTE_PORT' => '55924'
    'GATEWAY_INTERFACE' => 'CGI/1.1'
    'SERVER_PROTOCOL' => 'HTTP/1.1'
    'REQUEST_METHOD' => 'GET'
    'QUERY_STRING' => ''
    'REQUEST_URI' => '/tickets/web/index.php'
    'SCRIPT_NAME' => '/tickets/web/index.php'
    'PHP_SELF' => '/tickets/web/index.php'
    'REQUEST_TIME_FLOAT' => 1502698353.932
    'REQUEST_TIME' => 1502698353
]
