2017-08-07 06:01:02 [::1][-][-][error][yii\web\HttpException:404] yii\base\InvalidRouteException: Unable to resolve the request "ggii". in C:\Users\Krisper Jane\Documents\!PBL\Application\khbariuan\vendor\yiisoft\yii2\base\Module.php:462
Stack trace:
#0 C:\Users\Krisper Jane\Documents\!PBL\Application\khbariuan\vendor\yiisoft\yii2\web\Application.php(100): yii\base\Module->runAction('ggii', Array)
#1 C:\Users\Krisper Jane\Documents\!PBL\Application\khbariuan\vendor\yiisoft\yii2\base\Application.php(375): yii\web\Application->handleRequest(Object(yii\web\Request))
#2 C:\Users\Krisper Jane\Documents\!PBL\Application\khbariuan\web\index.php(12): yii\base\Application->run()
#3 {main}

Next yii\web\NotFoundHttpException: Page not found. in C:\Users\Krisper Jane\Documents\!PBL\Application\khbariuan\vendor\yiisoft\yii2\web\Application.php:112
Stack trace:
#0 C:\Users\Krisper Jane\Documents\!PBL\Application\khbariuan\vendor\yiisoft\yii2\base\Application.php(375): yii\web\Application->handleRequest(Object(yii\web\Request))
#1 C:\Users\Krisper Jane\Documents\!PBL\Application\khbariuan\web\index.php(12): yii\base\Application->run()
#2 {main}
2017-08-07 06:01:02 [::1][-][-][info][application] $_GET = [
    'r' => 'ggii'
]

$_COOKIE = [
    '_csrf' => 'd95e7b947ebcb01ee7405a06492c2c8098c96cf4115cb1b21f7f05d9b6d60109a:2:{i:0;s:5:\"_csrf\";i:1;s:32:\"0O427je1dir5OHDt-_1WNuXxJ_DhlkMJ\";}'
]

$_SERVER = [
    'MIBDIRS' => 'C:/xampp/php/extras/mibs'
    'MYSQL_HOME' => '\\xampp\\mysql\\bin'
    'OPENSSL_CONF' => 'C:/xampp/apache/bin/openssl.cnf'
    'PHP_PEAR_SYSCONF_DIR' => '\\xampp\\php'
    'PHPRC' => '\\xampp\\php'
    'TMP' => '\\xampp\\tmp'
    'HTTP_HOST' => 'localhost'
    'HTTP_CONNECTION' => 'keep-alive'
    'HTTP_UPGRADE_INSECURE_REQUESTS' => '1'
    'HTTP_USER_AGENT' => 'Mozilla/5.0 (Windows NT 10.0; Win64; x64) AppleWebKit/537.36 (KHTML, like Gecko) Chrome/59.0.3071.115 Safari/537.36'
    'HTTP_ACCEPT' => 'text/html,application/xhtml+xml,application/xml;q=0.9,image/webp,image/apng,*/*;q=0.8'
    'HTTP_ACCEPT_ENCODING' => 'gzip, deflate, br'
    'HTTP_ACCEPT_LANGUAGE' => 'en-US,en;q=0.8'
    'HTTP_COOKIE' => '_csrf=d95e7b947ebcb01ee7405a06492c2c8098c96cf4115cb1b21f7f05d9b6d60109a%3A2%3A%7Bi%3A0%3Bs%3A5%3A%22_csrf%22%3Bi%3A1%3Bs%3A32%3A%220O427je1dir5OHDt-_1WNuXxJ_DhlkMJ%22%3B%7D'
    'PATH' => 'C:\\Windows\\system32;C:\\Windows;C:\\Windows\\System32\\Wbem;C:\\Windows\\System32\\WindowsPowerShell\\v1.0\\;C:\\Program Files\\Intel\\WiFi\\bin\\;C:\\Program Files\\Common Files\\Intel\\WirelessCommon\\;C:\\Program Files\\Git\\cmd;C:\\Program Files\\TortoiseGit\\bin;C:\\Program Files (x86)\\Nmap'
    'SystemRoot' => 'C:\\Windows'
    'COMSPEC' => 'C:\\Windows\\system32\\cmd.exe'
    'PATHEXT' => '.COM;.EXE;.BAT;.CMD;.VBS;.VBE;.JS;.JSE;.WSF;.WSH;.MSC'
    'WINDIR' => 'C:\\Windows'
    'SERVER_SIGNATURE' => '<address>Apache/2.4.26 (Win32) OpenSSL/1.0.2l PHP/7.1.7 Server at localhost Port 80</address>
'
    'SERVER_SOFTWARE' => 'Apache/2.4.26 (Win32) OpenSSL/1.0.2l PHP/7.1.7'
    'SERVER_NAME' => 'localhost'
    'SERVER_ADDR' => '::1'
    'SERVER_PORT' => '80'
    'REMOTE_ADDR' => '::1'
    'DOCUMENT_ROOT' => 'C:/xampp/htdocs'
    'REQUEST_SCHEME' => 'http'
    'CONTEXT_PREFIX' => ''
    'CONTEXT_DOCUMENT_ROOT' => 'C:/xampp/htdocs'
    'SERVER_ADMIN' => 'postmaster@localhost'
    'SCRIPT_FILENAME' => 'C:/xampp/htdocs/guest/web/index.php'
    'REMOTE_PORT' => '11808'
    'GATEWAY_INTERFACE' => 'CGI/1.1'
    'SERVER_PROTOCOL' => 'HTTP/1.1'
    'REQUEST_METHOD' => 'GET'
    'QUERY_STRING' => 'r=ggii'
    'REQUEST_URI' => '/guest/web/index.php?r=ggii'
    'SCRIPT_NAME' => '/guest/web/index.php'
    'PHP_SELF' => '/guest/web/index.php'
    'REQUEST_TIME_FLOAT' => 1502078462.795
    'REQUEST_TIME' => 1502078462
]
